TN:
SF:src/libs/cognito-user-pool.ts
FNF:0
FNH:0
DA:1,1
DA:2,1
DA:3,1
DA:4,1
LF:4
LH:4
BRF:0
BRH:0
end_of_record
TN:
SF:src/libs/database.ts
FNF:0
FNH:0
DA:1,1
DA:2,1
DA:3,1
DA:4,1
DA:5,1
DA:6,1
DA:7,1
DA:8,1
DA:9,1
LF:9
LH:9
BRF:0
BRH:0
end_of_record
TN:
SF:src/modules/user/facade/userAdm.facade.ts
FN:19,UserAdmFacade
FN:26,create
FN:30,delete
FN:34,activate
FN:38,deactivate
FNF:5
FNH:5
FNDA:6,UserAdmFacade
FNDA:4,create
FNDA:7,delete
FNDA:2,activate
FNDA:2,deactivate
DA:1,1
DA:2,1
DA:3,1
DA:4,1
DA:5,1
DA:6,1
DA:7,1
DA:8,1
DA:9,1
DA:10,1
DA:11,1
DA:12,1
DA:13,1
DA:14,1
DA:15,1
DA:16,1
DA:17,1
DA:18,1
DA:19,1
DA:20,6
DA:21,6
DA:22,6
DA:23,6
DA:24,6
DA:25,1
DA:26,1
DA:27,4
DA:28,3
DA:29,1
DA:30,1
DA:31,7
DA:32,3
DA:33,1
DA:34,1
DA:35,2
DA:36,1
DA:37,1
DA:38,1
DA:39,2
DA:40,1
DA:41,1
LF:41
LH:41
BRDA:19,0,0,6
BRDA:26,1,0,4
BRDA:28,2,0,3
BRDA:30,3,0,7
BRDA:32,4,0,3
BRDA:34,5,0,2
BRDA:36,6,0,1
BRDA:38,7,0,2
BRDA:40,8,0,1
BRF:9
BRH:9
end_of_record
TN:
SF:src/modules/user/factory/user-adm.factory.ts
FN:17,configure
FNF:1
FNH:1
FNDA:6,configure
DA:1,1
DA:2,1
DA:3,1
DA:4,1
DA:5,1
DA:6,1
DA:7,1
DA:8,1
DA:9,1
DA:10,1
DA:11,1
DA:12,1
DA:13,1
DA:14,1
DA:15,1
DA:16,1
DA:17,1
DA:18,6
DA:19,6
DA:20,6
DA:21,6
DA:22,6
DA:23,6
DA:24,6
DA:25,6
DA:26,6
DA:27,6
DA:28,6
DA:29,6
DA:30,6
DA:31,6
DA:32,6
DA:33,6
DA:34,6
DA:35,6
DA:36,6
DA:37,6
DA:38,6
DA:39,6
DA:40,1
LF:40
LH:40
BRDA:17,0,0,6
BRF:1
BRH:1
end_of_record
TN:
SF:src/modules/user/repository/user.repository.ts
FN:19,UserAdmRepository
FN:24,create
FN:51,delete
FN:64,activate
FN:74,deactivate
FN:84,createDatabase
FN:99,deleteDatabase
FN:106,update
FNF:8
FNH:7
FNDA:10,UserAdmRepository
FNDA:4,create
FNDA:7,delete
FNDA:2,activate
FNDA:2,deactivate
FNDA:3,createDatabase
FNDA:7,deleteDatabase
FNDA:0,update
DA:1,1
DA:2,1
DA:3,1
DA:4,1
DA:5,1
DA:6,1
DA:7,1
DA:8,1
DA:9,1
DA:10,1
DA:11,1
DA:12,1
DA:13,1
DA:14,1
DA:15,1
DA:16,1
DA:17,1
DA:18,1
DA:19,1
DA:20,10
DA:21,10
DA:22,10
DA:23,1
DA:24,1
DA:25,4
DA:26,4
DA:27,4
DA:28,4
DA:29,4
DA:30,4
DA:31,4
DA:32,4
DA:33,4
DA:34,4
DA:35,4
DA:36,4
DA:37,4
DA:38,0
DA:39,0
DA:40,4
DA:41,4
DA:42,4
DA:43,3
DA:44,3
DA:45,3
DA:46,3
DA:47,3
DA:48,3
DA:49,3
DA:50,1
DA:51,1
DA:52,7
DA:53,7
DA:54,7
DA:55,7
DA:56,7
DA:57,7
DA:58,7
DA:59,7
DA:60,7
DA:61,7
DA:62,2
DA:63,1
DA:64,1
DA:65,2
DA:66,2
DA:67,2
DA:68,2
DA:69,2
DA:70,2
DA:71,2
DA:72,1
DA:73,1
DA:74,1
DA:75,2
DA:76,2
DA:77,2
DA:78,2
DA:79,2
DA:80,2
DA:81,2
DA:82,1
DA:83,1
DA:84,1
DA:85,3
DA:86,3
DA:87,3
DA:88,3
DA:89,3
DA:90,3
DA:91,3
DA:92,3
DA:93,3
DA:94,3
DA:95,3
DA:96,3
DA:97,3
DA:98,1
DA:99,1
DA:100,7
DA:101,7
DA:102,7
DA:103,7
DA:104,7
DA:105,1
DA:106,1
DA:107,0
DA:108,0
DA:109,0
DA:110,0
DA:111,0
DA:112,0
DA:113,0
DA:114,0
DA:115,0
DA:116,0
DA:117,0
DA:118,0
DA:119,0
DA:120,0
DA:121,0
DA:122,0
DA:123,0
DA:124,0
DA:125,0
DA:126,0
DA:127,0
DA:128,0
DA:129,0
DA:130,0
DA:131,1
LF:131
LH:105
BRDA:19,0,0,10
BRDA:24,1,0,4
BRDA:37,2,0,0
BRDA:43,3,0,3
BRDA:51,4,0,7
BRDA:62,5,0,2
BRDA:64,6,0,2
BRDA:72,7,0,1
BRDA:74,8,0,2
BRDA:82,9,0,1
BRDA:84,10,0,3
BRDA:99,11,0,7
BRF:12
BRH:11
end_of_record
TN:
SF:src/modules/user/usecase/activate-user/activate-user.usecase.ts
FN:5,ActivateUserUseCase
FN:7,execute
FNF:2
FNH:2
FNDA:2,ActivateUserUseCase
FNDA:2,execute
DA:1,1
DA:2,1
DA:3,1
DA:4,1
DA:5,1
DA:6,1
DA:7,1
DA:8,2
DA:9,1
DA:10,1
LF:10
LH:10
BRDA:5,0,0,2
BRDA:7,1,0,2
BRDA:9,2,0,1
BRF:3
BRH:3
end_of_record
TN:
SF:src/modules/user/usecase/create-user/create-user.usecase.ts
FN:6,CreateUserUseCase
FN:8,execute
FNF:2
FNH:2
FNDA:3,CreateUserUseCase
FNDA:4,execute
DA:1,1
DA:2,1
DA:3,1
DA:4,1
DA:5,1
DA:6,1
DA:7,1
DA:8,1
DA:9,4
DA:10,3
DA:11,1
LF:11
LH:11
BRDA:6,0,0,3
BRDA:8,1,0,4
BRDA:10,2,0,3
BRF:3
BRH:3
end_of_record
TN:
SF:src/modules/user/usecase/deactivate-user/deactivate-user.usecase.ts
FN:5,DeactivateUserUseCase
FN:7,execute
FNF:2
FNH:2
FNDA:2,DeactivateUserUseCase
FNDA:2,execute
DA:1,1
DA:2,1
DA:3,1
DA:4,1
DA:5,1
DA:6,1
DA:7,1
DA:8,2
DA:9,1
DA:10,1
LF:10
LH:10
BRDA:5,0,0,2
BRDA:7,1,0,2
BRDA:9,2,0,1
BRF:3
BRH:3
end_of_record
TN:
SF:src/modules/user/usecase/delete-user/delete-user.usecase.ts
FN:5,DeleteUserUseCase
FN:7,execute
FNF:2
FNH:2
FNDA:6,DeleteUserUseCase
FNDA:7,execute
DA:1,1
DA:2,1
DA:3,1
DA:4,1
DA:5,1
DA:6,1
DA:7,1
DA:8,7
DA:9,2
DA:10,1
LF:10
LH:10
BRDA:5,0,0,6
BRDA:7,1,0,7
BRDA:9,2,0,2
BRF:3
BRH:3
end_of_record
TN:
SF:src/modules/user/usecase/update-user/update-user.usecase.ts
FN:6,UpdateUserUseCase
FN:8,execute
FNF:2
FNH:2
FNDA:2,UpdateUserUseCase
FNDA:2,execute
DA:1,1
DA:2,1
DA:3,1
DA:4,1
DA:5,1
DA:6,1
DA:7,1
DA:8,1
DA:9,2
DA:10,1
DA:11,1
LF:11
LH:11
BRDA:6,0,0,2
BRDA:8,1,0,2
BRDA:10,2,0,1
BRF:3
BRH:3
end_of_record
TN:
SF:src/shared/database.ts
FN:5,query
FNF:1
FNH:1
FNDA:10,query
DA:1,1
DA:2,1
DA:3,1
DA:4,1
DA:5,1
DA:6,10
DA:7,10
DA:8,10
DA:9,10
DA:10,10
DA:11,10
DA:12,10
DA:13,10
DA:14,0
DA:15,0
DA:16,0
DA:17,10
DA:18,10
DA:19,10
DA:20,1
LF:20
LH:17
BRDA:5,0,0,10
BRDA:13,1,0,0
BRF:2
BRH:1
end_of_record
